<?xml version="1.0" encoding="UTF-8"?>
<testsuite name="com.capitalone.dashboard.collector.DefaultHudsonClientTests" time="0.384" tests="20" errors="0" skipped="0" failures="0">
  <properties>
[...]
</properties>
  <testcase name="buildDetails_withRepoBranch" classname="com.capitalone.dashboard.collector.DefaultHudsonClientTests" time="0.331"/>
  <testcase name="joinURLsTest" classname="com.capitalone.dashboard.collector.DefaultHudsonClientTests" time="0.001"/>
  <testcase name="buildDetails_withRepoNoRemoteUrl" classname="com.capitalone.dashboard.collector.DefaultHudsonClientTests" time="0.002"/>
  <testcase name="buildDetails_full" classname="com.capitalone.dashboard.collector.DefaultHudsonClientTests" time="0.004"/>
  <testcase name="buildDetails_withMultipleRepos" classname="com.capitalone.dashboard.collector.DefaultHudsonClientTests" time="0.001"/>
  <testcase name="buildDetails_withEmptyRemoteUrl" classname="com.capitalone.dashboard.collector.DefaultHudsonClientTests" time="0.001"/>
  <testcase name="verifyBasicAuth" classname="com.capitalone.dashboard.collector.DefaultHudsonClientTests" time="0.013"/>
  <testcase name="buildDetails_withRepoOriginBranch" classname="com.capitalone.dashboard.collector.DefaultHudsonClientTests" time="0.001"/>
  <testcase name="verifyAuthCredentials" classname="com.capitalone.dashboard.collector.DefaultHudsonClientTests" time="0.009"/>
  <testcase name="buildDetails_withMultipleSCM" classname="com.capitalone.dashboard.collector.DefaultHudsonClientTests" time="0.001"/>
  <testcase name="buildDetails_withRepoRefsRemotesBranch" classname="com.capitalone.dashboard.collector.DefaultHudsonClientTests" time="0.001"/>
  <testcase name="buildDetails_withRepoMultipleBranches" classname="com.capitalone.dashboard.collector.DefaultHudsonClientTests" time="0.001"/>
  <testcase name="rebuildURLTest" classname="com.capitalone.dashboard.collector.DefaultHudsonClientTests" time="0.001"/>
  <testcase name="verifyAuthCredentialsBySettings" classname="com.capitalone.dashboard.collector.DefaultHudsonClientTests" time="0.001"/>
  <testcase name="buildDetails_pipeline" classname="com.capitalone.dashboard.collector.DefaultHudsonClientTests" time="0.001"/>
  <testcase name="instanceJobs_emptyResponse_returnsEmptyMap" classname="com.capitalone.dashboard.collector.DefaultHudsonClientTests" time="0.001"/>
  <testcase name="verifyGetLogUrl" classname="com.capitalone.dashboard.collector.DefaultHudsonClientTests" time="0.001"/>
  <testcase name="buildDetails_withRepoRemotesBranch" classname="com.capitalone.dashboard.collector.DefaultHudsonClientTests" time="0.001"/>
  <testcase name="instanceJobs_multibranchPipeline" classname="com.capitalone.dashboard.collector.DefaultHudsonClientTests" time="0.01"/>
  <testcase name="instanceJobs_twoJobsTwoBuilds" classname="com.capitalone.dashboard.collector.DefaultHudsonClientTests" time="0.002"/>
</testsuite>